0 info it worked if it ends with ok
1 verbose cli [ 'C:\\Program Files\\nodejs\\node.exe',
1 verbose cli   'C:\\Program Files\\nodejs\\node_modules\\npm\\bin\\npm-cli.js',
1 verbose cli   'start' ]
2 info using npm@3.10.10
3 info using node@v6.11.0
4 verbose run-script [ 'prestart', 'start', 'poststart' ]
5 info lifecycle redisapp@1.0.0~prestart: redisapp@1.0.0
6 silly lifecycle redisapp@1.0.0~prestart: no script for prestart, continuing
7 info lifecycle redisapp@1.0.0~start: redisapp@1.0.0
8 verbose lifecycle redisapp@1.0.0~start: unsafe-perm in lifecycle true
9 verbose lifecycle redisapp@1.0.0~start: PATH: C:\Program Files\nodejs\node_modules\npm\bin\node-gyp-bin;C:\Users\gsri\Downloads\mongoWithRedis\redisApp\node_modules\.bin;C:\Program Files\Java\jdk1.8.0_131\bin;C:\apache-ant-1.10.1\bin;C:\oraclexe\app\oracle\product\11.2.0\server\bin;C:\ProgramData\Oracle\Java\javapath;C:\Windows\system32;C:\Windows;C:\Windows\System32\Wbem;C:\Windows\System32\WindowsPowerShell\v1.0\;C:\Program Files\Intel\WiFi\bin\;C:\Program Files\Common Files\Intel\WirelessCommon\;C:\Windows\SysWOW64\Empirum;C:\Program Files\nodejs\;C:\Program Files\Git\cmd;C:\Program Files\TortoiseSVN\bin;C:\Go\bin;C:\Program Files\Geth;C:\Users\gsri\Documents\machineLearning\protoc-3.4.0-win32\bin;C:\Program Files\Redis;C:\Users\gsri\AppData\Local\Programs\Python\Python36\Scripts\;C:\Users\gsri\AppData\Local\Programs\Python\Python36\;C:\Users\gsri\AppData\Roaming\npm;C:\Program Files (x86)\Microsoft VS Code\bin
10 verbose lifecycle redisapp@1.0.0~start: CWD: C:\Users\gsri\Downloads\mongoWithRedis\redisApp
11 silly lifecycle redisapp@1.0.0~start: Args: [ '/d /s /c', 'node app.js' ]
12 silly lifecycle redisapp@1.0.0~start: Returned: code: 3221225786  signal: null
13 info lifecycle redisapp@1.0.0~start: Failed to exec start script
14 verbose stack Error: redisapp@1.0.0 start: `node app.js`
14 verbose stack Exit status 3221225786
14 verbose stack     at EventEmitter.<anonymous> (C:\Program Files\nodejs\node_modules\npm\lib\utils\lifecycle.js:255:16)
14 verbose stack     at emitTwo (events.js:106:13)
14 verbose stack     at EventEmitter.emit (events.js:191:7)
14 verbose stack     at ChildProcess.<anonymous> (C:\Program Files\nodejs\node_modules\npm\lib\utils\spawn.js:40:14)
14 verbose stack     at emitTwo (events.js:106:13)
14 verbose stack     at ChildProcess.emit (events.js:191:7)
14 verbose stack     at maybeClose (internal/child_process.js:891:16)
14 verbose stack     at Process.ChildProcess._handle.onexit (internal/child_process.js:226:5)
15 verbose pkgid redisapp@1.0.0
16 verbose cwd C:\Users\gsri\Downloads\mongoWithRedis\redisApp
17 error Windows_NT 6.1.7601
18 error argv "C:\\Program Files\\nodejs\\node.exe" "C:\\Program Files\\nodejs\\node_modules\\npm\\bin\\npm-cli.js" "start"
19 error node v6.11.0
20 error npm  v3.10.10
21 error code ELIFECYCLE
22 error redisapp@1.0.0 start: `node app.js`
22 error Exit status 3221225786
23 error Failed at the redisapp@1.0.0 start script 'node app.js'.
23 error Make sure you have the latest version of node.js and npm installed.
23 error If you do, this is most likely a problem with the redisapp package,
23 error not with npm itself.
23 error Tell the author that this fails on your system:
23 error     node app.js
23 error You can get information on how to open an issue for this project with:
23 error     npm bugs redisapp
23 error Or if that isn't available, you can get their info via:
23 error     npm owner ls redisapp
23 error There is likely additional logging output above.
24 verbose exit [ 1, true ]
